2021-05-29 16:45:52,189 INFO com.example.demo.SareetaApplication [main] Starting SareetaApplication using Java 1.8.0_212 on ip-192-168-50-64.ap-southeast-1.compute.internal with PID 82409 (/Users/sgjerry.zhao/Udacity/nd035-c4-Security-and-DevOps/starter_code/target/classes started by sgjerry.zhao in /Users/sgjerry.zhao/Udacity/nd035-c4-Security-and-DevOps/starter_code)
2021-05-29 16:45:52,191 DEBUG com.example.demo.SareetaApplication [main] Running with Spring Boot v2.4.5, Spring v5.3.6
2021-05-29 16:45:52,191 INFO com.example.demo.SareetaApplication [main] No active profile set, falling back to default profiles: default
2021-05-29 16:45:53,241 INFO org.apache.catalina.core.StandardService [main] Starting service [Tomcat]
2021-05-29 16:45:53,242 INFO org.apache.catalina.core.StandardEngine [main] Starting Servlet engine: [Apache Tomcat/9.0.45]
2021-05-29 16:45:53,327 INFO org.apache.catalina.core.ContainerBase.[Tomcat].[localhost].[/] [main] Initializing Spring embedded WebApplicationContext
2021-05-29 16:45:53,493 INFO org.hibernate.jpa.internal.util.LogHelper [main] HHH000204: Processing PersistenceUnitInfo [name: default]
2021-05-29 16:45:53,528 INFO org.hibernate.Version [main] HHH000412: Hibernate ORM core version 5.4.30.Final
2021-05-29 16:45:53,612 INFO org.hibernate.annotations.common.Version [main] HCANN000001: Hibernate Commons Annotations {5.1.2.Final}
2021-05-29 16:45:53,677 INFO com.zaxxer.hikari.HikariDataSource [main] HikariPool-1 - Starting...
2021-05-29 16:45:53,814 INFO com.zaxxer.hikari.HikariDataSource [main] HikariPool-1 - Start completed.
2021-05-29 16:45:53,825 INFO org.hibernate.dialect.Dialect [main] HHH000400: Using dialect: org.hibernate.dialect.H2Dialect
2021-05-29 16:45:54,294 INFO org.hibernate.engine.transaction.jta.platform.internal.JtaPlatformInitiator [main] HHH000490: Using JtaPlatform implementation: [org.hibernate.engine.transaction.jta.platform.internal.NoJtaPlatform]
2021-05-29 16:45:54,617 DEBUG com.example.demo.security.JWTAuthenticationVerficationFilter [main] Filter 'JWTAuthenticationVerficationFilter' configured for use
2021-05-29 16:45:55,043 INFO com.example.demo.SareetaApplication [main] Started SareetaApplication in 3.19 seconds (JVM running for 3.681)
2021-05-29 16:46:11,224 INFO org.apache.catalina.core.ContainerBase.[Tomcat].[localhost].[/] [http-nio-8089-exec-1] Initializing Spring DispatcherServlet 'dispatcherServlet'
2021-05-29 16:46:11,434 INFO com.example.demo.controllers.UserController [http-nio-8089-exec-1] CreateUser request successes
2021-05-29 16:46:14,260 ERROR com.example.demo.controllers.UserController [http-nio-8089-exec-3] CreateUser request failures
2021-05-29 16:46:30,993 ERROR com.example.demo.security.UserDetailsServiceImpl [http-nio-8089-exec-6] Exception: Username not found
2021-05-29 16:47:19,047 INFO com.example.demo.controllers.OrderController [http-nio-8089-exec-8] order requests successes
2021-05-29 16:47:24,916 ERROR com.example.demo.controllers.OrderController [http-nio-8089-exec-10] order requests failures, user is not exist!!!
2021-05-29 18:23:54,214 ERROR com.example.demo.controllers.OrderController [http-nio-8089-exec-2] order requests failures, user is not exist!!!
2021-05-29 18:23:55,804 ERROR com.example.demo.controllers.OrderController [http-nio-8089-exec-4] order requests failures, user is not exist!!!
2021-05-29 18:24:00,507 INFO com.example.demo.controllers.OrderController [http-nio-8089-exec-6] order requests successes
2021-05-29 18:24:02,879 INFO com.example.demo.controllers.OrderController [http-nio-8089-exec-8] order requests successes
2021-05-29 18:24:03,981 INFO com.example.demo.controllers.OrderController [http-nio-8089-exec-10] order requests successes
2021-05-29 18:27:03,618 INFO com.example.demo.controllers.OrderController [http-nio-8089-exec-6] order requests successes
2021-05-29 18:32:16,080 INFO com.example.demo.controllers.OrderController [http-nio-8089-exec-8] order requests successes
2021-05-29 18:32:17,029 INFO com.example.demo.controllers.OrderController [http-nio-8089-exec-10] order requests successes
2021-05-29 18:32:17,876 INFO com.example.demo.controllers.OrderController [http-nio-8089-exec-2] order requests successes
2021-05-29 18:32:18,553 INFO com.example.demo.controllers.OrderController [http-nio-8089-exec-4] order requests successes
2021-05-29 18:32:19,272 INFO com.example.demo.controllers.OrderController [http-nio-8089-exec-6] order requests successes
2021-05-29 18:32:19,975 INFO com.example.demo.controllers.OrderController [http-nio-8089-exec-8] order requests successes
2021-05-29 18:32:21,370 INFO com.example.demo.controllers.OrderController [http-nio-8089-exec-10] order requests successes
2021-05-29 18:32:23,099 INFO com.example.demo.controllers.OrderController [http-nio-8089-exec-2] order requests successes
2021-05-29 18:32:25,905 INFO com.example.demo.controllers.OrderController [http-nio-8089-exec-4] order requests successes
2021-05-29 18:48:16,195 INFO com.example.demo.controllers.UserController [http-nio-8089-exec-6] CreateUser request successes
2021-05-29 18:48:21,003 INFO com.example.demo.controllers.UserController [http-nio-8089-exec-8] CreateUser request successes
2021-05-29 18:48:25,108 INFO com.example.demo.controllers.UserController [http-nio-8089-exec-10] CreateUser request successes
2021-05-29 18:48:28,914 INFO com.example.demo.controllers.UserController [http-nio-8089-exec-2] CreateUser request successes
2021-05-29 18:48:32,795 INFO com.example.demo.controllers.UserController [http-nio-8089-exec-4] CreateUser request successes
2021-05-29 18:48:39,384 INFO com.example.demo.controllers.UserController [http-nio-8089-exec-6] CreateUser request successes
2021-05-29 18:48:44,307 INFO com.example.demo.controllers.UserController [http-nio-8089-exec-8] CreateUser request successes
2021-05-29 18:48:49,258 INFO com.example.demo.controllers.UserController [http-nio-8089-exec-10] CreateUser request successes
2021-05-29 18:49:01,918 INFO com.example.demo.controllers.UserController [http-nio-8089-exec-2] CreateUser request successes
2021-05-29 18:49:20,166 INFO com.example.demo.controllers.UserController [http-nio-8089-exec-4] CreateUser request successes
